\BOOKMARK [0][-]{chapter.1}{\376\377\0001\000\040\000C\000l\000a\000s\000s\000\040\000I\000n\000d\000e\000x}{}% 1
\BOOKMARK [1][-]{section.1.1}{\376\377\0001\000.\0001\000\040\000C\000l\000a\000s\000s\000\040\000L\000i\000s\000t}{chapter.1}% 2
\BOOKMARK [0][-]{chapter.2}{\376\377\0002\000\040\000F\000i\000l\000e\000\040\000I\000n\000d\000e\000x}{}% 3
\BOOKMARK [1][-]{section.2.1}{\376\377\0002\000.\0001\000\040\000F\000i\000l\000e\000\040\000L\000i\000s\000t}{chapter.2}% 4
\BOOKMARK [0][-]{chapter.3}{\376\377\0003\000\040\000C\000l\000a\000s\000s\000\040\000D\000o\000c\000u\000m\000e\000n\000t\000a\000t\000i\000o\000n}{}% 5
\BOOKMARK [1][-]{section.3.1}{\376\377\0003\000.\0001\000\040\000f\000i\000e\000l\000d\000\040\000C\000l\000a\000s\000s\000\040\000R\000e\000f\000e\000r\000e\000n\000c\000e}{chapter.3}% 6
\BOOKMARK [2][-]{subsection.3.1.1}{\376\377\0003\000.\0001\000.\0001\000\040\000D\000e\000t\000a\000i\000l\000e\000d\000\040\000D\000e\000s\000c\000r\000i\000p\000t\000i\000o\000n}{section.3.1}% 7
\BOOKMARK [2][-]{subsection.3.1.2}{\376\377\0003\000.\0001\000.\0002\000\040\000C\000o\000n\000s\000t\000r\000u\000c\000t\000o\000r\000\040\000\046\000\040\000D\000e\000s\000t\000r\000u\000c\000t\000o\000r\000\040\000D\000o\000c\000u\000m\000e\000n\000t\000a\000t\000i\000o\000n}{section.3.1}% 8
\BOOKMARK [3][-]{subsubsection.3.1.2.1}{\376\377\0003\000.\0001\000.\0002\000.\0001\000\040\000f\000i\000e\000l\000d\000\050\000c\000o\000n\000s\000t\000\040\000g\000r\000i\000d\000\040\000g\000r\000i\000d\000D\000a\000t\000a\000,\000\040\000b\000o\000o\000l\000\040\000x\000S\000t\000a\000g\000,\000\040\000b\000o\000o\000l\000\040\000y\000S\000t\000a\000g\000,\000\040\000b\000o\000o\000l\000\040\000z\000S\000t\000a\000g\000\051}{subsection.3.1.2}% 9
\BOOKMARK [2][-]{subsection.3.1.3}{\376\377\0003\000.\0001\000.\0003\000\040\000M\000e\000m\000b\000e\000r\000\040\000D\000a\000t\000a\000\040\000D\000o\000c\000u\000m\000e\000n\000t\000a\000t\000i\000o\000n}{section.3.1}% 10
\BOOKMARK [3][-]{subsubsection.3.1.3.1}{\376\377\0003\000.\0001\000.\0003\000.\0001\000\040\000F}{subsection.3.1.3}% 11
\BOOKMARK [3][-]{subsubsection.3.1.3.2}{\376\377\0003\000.\0001\000.\0003\000.\0002\000\040\000g\000r\000i\000d\000D\000a\000t\000a}{subsection.3.1.3}% 12
\BOOKMARK [3][-]{subsubsection.3.1.3.3}{\376\377\0003\000.\0001\000.\0003\000.\0003\000\040\000l\000o\000c\000a\000l\000N\000x}{subsection.3.1.3}% 13
\BOOKMARK [3][-]{subsubsection.3.1.3.4}{\376\377\0003\000.\0001\000.\0003\000.\0004\000\040\000l\000o\000c\000a\000l\000N\000y}{subsection.3.1.3}% 14
\BOOKMARK [3][-]{subsubsection.3.1.3.5}{\376\377\0003\000.\0001\000.\0003\000.\0005\000\040\000l\000o\000c\000a\000l\000N\000z}{subsection.3.1.3}% 15
\BOOKMARK [3][-]{subsubsection.3.1.3.6}{\376\377\0003\000.\0001\000.\0003\000.\0006\000\040\000m\000p\000i\000H\000a\000n\000d\000l\000e}{subsection.3.1.3}% 16
\BOOKMARK [3][-]{subsubsection.3.1.3.7}{\376\377\0003\000.\0001\000.\0003\000.\0007\000\040\000x\000S\000t\000a\000g}{subsection.3.1.3}% 17
\BOOKMARK [3][-]{subsubsection.3.1.3.8}{\376\377\0003\000.\0001\000.\0003\000.\0008\000\040\000y\000S\000t\000a\000g}{subsection.3.1.3}% 18
\BOOKMARK [3][-]{subsubsection.3.1.3.9}{\376\377\0003\000.\0001\000.\0003\000.\0009\000\040\000z\000S\000t\000a\000g}{subsection.3.1.3}% 19
\BOOKMARK [1][-]{section.3.2}{\376\377\0003\000.\0002\000\040\000f\000i\000l\000e\000i\000o\000\040\000C\000l\000a\000s\000s\000\040\000R\000e\000f\000e\000r\000e\000n\000c\000e}{chapter.3}% 20
\BOOKMARK [2][-]{subsection.3.2.1}{\376\377\0003\000.\0002\000.\0001\000\040\000D\000e\000t\000a\000i\000l\000e\000d\000\040\000D\000e\000s\000c\000r\000i\000p\000t\000i\000o\000n}{section.3.2}% 21
\BOOKMARK [2][-]{subsection.3.2.2}{\376\377\0003\000.\0002\000.\0002\000\040\000C\000o\000n\000s\000t\000r\000u\000c\000t\000o\000r\000\040\000\046\000\040\000D\000e\000s\000t\000r\000u\000c\000t\000o\000r\000\040\000D\000o\000c\000u\000m\000e\000n\000t\000a\000t\000i\000o\000n}{section.3.2}% 22
\BOOKMARK [3][-]{subsubsection.3.2.2.1}{\376\377\0003\000.\0002\000.\0002\000.\0001\000\040\000f\000i\000l\000e\000i\000o\000\050\000c\000o\000n\000s\000t\000\040\000c\000h\000a\000r\000\040\000*\000f\000i\000l\000e\000N\000a\000m\000e\000,\000\040\000b\000o\000o\000l\000\040\000r\000e\000a\000d\000,\000\040\000c\000o\000n\000s\000t\000\040\000g\000r\000i\000d\000\040\000m\000e\000s\000h\000,\000\040\000f\000i\000e\000l\000d\000\040\000*\000i\000F\000i\000e\000l\000d\000\051}{subsection.3.2.2}% 23
\BOOKMARK [2][-]{subsection.3.2.3}{\376\377\0003\000.\0002\000.\0003\000\040\000M\000e\000m\000b\000e\000r\000\040\000F\000u\000n\000c\000t\000i\000o\000n\000\040\000D\000o\000c\000u\000m\000e\000n\000t\000a\000t\000i\000o\000n}{section.3.2}% 24
\BOOKMARK [3][-]{subsubsection.3.2.3.1}{\376\377\0003\000.\0002\000.\0003\000.\0001\000\040\000c\000l\000o\000s\000e\000F\000i\000l\000e\000i\000o\000\050\000\051}{subsection.3.2.3}% 25
\BOOKMARK [3][-]{subsubsection.3.2.3.2}{\376\377\0003\000.\0002\000.\0003\000.\0002\000\040\000r\000e\000a\000d\000H\000D\000F\0005\000\050\000s\000t\000d\000:\000:\000s\000t\000r\000i\000n\000g\000\040\000d\000a\000t\000a\000s\000e\000t\000N\000a\000m\000e\000\051}{subsection.3.2.3}% 26
\BOOKMARK [3][-]{subsubsection.3.2.3.3}{\376\377\0003\000.\0002\000.\0003\000.\0003\000\040\000w\000r\000i\000t\000e\000H\000D\000F\0005\000\050\000d\000o\000u\000b\000l\000e\000\040\000t\000\051}{subsection.3.2.3}% 27
\BOOKMARK [1][-]{section.3.3}{\376\377\0003\000.\0003\000\040\000g\000r\000i\000d\000\040\000C\000l\000a\000s\000s\000\040\000R\000e\000f\000e\000r\000e\000n\000c\000e}{chapter.3}% 28
\BOOKMARK [2][-]{subsection.3.3.1}{\376\377\0003\000.\0003\000.\0001\000\040\000D\000e\000t\000a\000i\000l\000e\000d\000\040\000D\000e\000s\000c\000r\000i\000p\000t\000i\000o\000n}{section.3.3}% 29
\BOOKMARK [2][-]{subsection.3.3.2}{\376\377\0003\000.\0003\000.\0002\000\040\000C\000o\000n\000s\000t\000r\000u\000c\000t\000o\000r\000\040\000\046\000\040\000D\000e\000s\000t\000r\000u\000c\000t\000o\000r\000\040\000D\000o\000c\000u\000m\000e\000n\000t\000a\000t\000i\000o\000n}{section.3.3}% 30
\BOOKMARK [3][-]{subsubsection.3.3.2.1}{\376\377\0003\000.\0003\000.\0002\000.\0001\000\040\000g\000r\000i\000d\000\050\000c\000o\000n\000s\000t\000\040\000r\000e\000a\000d\000e\000r\000\040\000s\000o\000l\000P\000a\000r\000a\000m\000,\000\040\000p\000a\000r\000a\000l\000l\000e\000l\000\040\000p\000a\000r\000a\000l\000l\000e\000l\000D\000a\000t\000a\000\051}{subsection.3.3.2}% 31
\BOOKMARK [2][-]{subsection.3.3.3}{\376\377\0003\000.\0003\000.\0003\000\040\000M\000e\000m\000b\000e\000r\000\040\000D\000a\000t\000a\000\040\000D\000o\000c\000u\000m\000e\000n\000t\000a\000t\000i\000o\000n}{section.3.3}% 32
\BOOKMARK [3][-]{subsubsection.3.3.3.1}{\376\377\0003\000.\0003\000.\0003\000.\0001\000\040\000c\000o\000l\000l\000o\000q\000e\000n\000d\000i\000n\000d\000e\000x\000x}{subsection.3.3.3}% 33
\BOOKMARK [3][-]{subsubsection.3.3.3.2}{\376\377\0003\000.\0003\000.\0003\000.\0002\000\040\000c\000o\000l\000l\000o\000q\000e\000n\000d\000i\000n\000d\000e\000x\000y}{subsection.3.3.3}% 34
\BOOKMARK [3][-]{subsubsection.3.3.3.3}{\376\377\0003\000.\0003\000.\0003\000.\0003\000\040\000c\000o\000l\000l\000o\000q\000e\000n\000d\000i\000n\000d\000e\000x\000z}{subsection.3.3.3}% 35
\BOOKMARK [3][-]{subsubsection.3.3.3.4}{\376\377\0003\000.\0003\000.\0003\000.\0004\000\040\000c\000o\000l\000l\000o\000q\000s\000t\000a\000r\000t\000i\000n\000d\000e\000x\000x}{subsection.3.3.3}% 36
\BOOKMARK [3][-]{subsubsection.3.3.3.5}{\376\377\0003\000.\0003\000.\0003\000.\0005\000\040\000c\000o\000l\000l\000o\000q\000s\000t\000a\000r\000t\000i\000n\000d\000e\000x\000y}{subsection.3.3.3}% 37
\BOOKMARK [3][-]{subsubsection.3.3.3.6}{\376\377\0003\000.\0003\000.\0003\000.\0006\000\040\000c\000o\000l\000l\000o\000q\000s\000t\000a\000r\000t\000i\000n\000d\000e\000x\000z}{subsection.3.3.3}% 38
\BOOKMARK [3][-]{subsubsection.3.3.3.7}{\376\377\0003\000.\0003\000.\0003\000.\0007\000\040\000i\000n\000p\000u\000t\000D\000a\000t\000a}{subsection.3.3.3}% 39
\BOOKMARK [3][-]{subsubsection.3.3.3.8}{\376\377\0003\000.\0003\000.\0003\000.\0008\000\040\000i\000s\000P\000l\000a\000n\000a\000r}{subsection.3.3.3}% 40
\BOOKMARK [3][-]{subsubsection.3.3.3.9}{\376\377\0003\000.\0003\000.\0003\000.\0009\000\040\000l\000o\000c\000a\000l\000c\000o\000l\000l\000o\000q\000x}{subsection.3.3.3}% 41
\BOOKMARK [3][-]{subsubsection.3.3.3.10}{\376\377\0003\000.\0003\000.\0003\000.\0001\0000\000\040\000l\000o\000c\000a\000l\000c\000o\000l\000l\000o\000q\000y}{subsection.3.3.3}% 42
\BOOKMARK [3][-]{subsubsection.3.3.3.11}{\376\377\0003\000.\0003\000.\0003\000.\0001\0001\000\040\000l\000o\000c\000a\000l\000c\000o\000l\000l\000o\000q\000z}{subsection.3.3.3}% 43
\BOOKMARK [3][-]{subsubsection.3.3.3.12}{\376\377\0003\000.\0003\000.\0003\000.\0001\0002\000\040\000r\000a\000n\000k\000D\000a\000t\000a}{subsection.3.3.3}% 44
\BOOKMARK [1][-]{section.3.4}{\376\377\0003\000.\0004\000\040\000m\000a\000x\000w\000e\000l\000l\000\040\000C\000l\000a\000s\000s\000\040\000R\000e\000f\000e\000r\000e\000n\000c\000e}{chapter.3}% 45
\BOOKMARK [2][-]{subsection.3.4.1}{\376\377\0003\000.\0004\000.\0001\000\040\000D\000e\000t\000a\000i\000l\000e\000d\000\040\000D\000e\000s\000c\000r\000i\000p\000t\000i\000o\000n}{section.3.4}% 46
\BOOKMARK [2][-]{subsection.3.4.2}{\376\377\0003\000.\0004\000.\0002\000\040\000C\000o\000n\000s\000t\000r\000u\000c\000t\000o\000r\000\040\000\046\000\040\000D\000e\000s\000t\000r\000u\000c\000t\000o\000r\000\040\000D\000o\000c\000u\000m\000e\000n\000t\000a\000t\000i\000o\000n}{section.3.4}% 47
\BOOKMARK [3][-]{subsubsection.3.4.2.1}{\376\377\0003\000.\0004\000.\0002\000.\0001\000\040\000m\000a\000x\000w\000e\000l\000l\000\050\000r\000e\000a\000d\000e\000r\000\040\000i\000n\000p\000u\000t\000D\000a\000t\000a\000,\000\040\000p\000a\000r\000a\000l\000l\000e\000l\000\040\000m\000p\000i\000,\000\040\000g\000r\000i\000d\000\040\000g\000r\000i\000d\000D\000a\000t\000a\000\051}{subsection.3.4.2}% 48
\BOOKMARK [2][-]{subsection.3.4.3}{\376\377\0003\000.\0004\000.\0003\000\040\000M\000e\000m\000b\000e\000r\000\040\000F\000u\000n\000c\000t\000i\000o\000n\000\040\000D\000o\000c\000u\000m\000e\000n\000t\000a\000t\000i\000o\000n}{section.3.4}% 49
\BOOKMARK [3][-]{subsubsection.3.4.3.1}{\376\377\0003\000.\0004\000.\0003\000.\0001\000\040\000a\000f\000n\000\050\000i\000n\000t\000\040\000d\000i\000m\000,\000\040\000b\000o\000o\000l\000\040\000i\000s\000E\000,\000\040\000b\000l\000i\000t\000z\000:\000:\000A\000r\000r\000a\000y\000<\000\040\000d\000o\000u\000b\000l\000e\000,\000\040\0001\000\040\000>\000\040\000w\000\051}{subsection.3.4.3}% 50
\BOOKMARK [3][-]{subsubsection.3.4.3.2}{\376\377\0003\000.\0004\000.\0003\000.\0002\000\040\000b\000f\000n\000\050\000i\000n\000t\000\040\000d\000i\000m\000,\000\040\000b\000o\000o\000l\000\040\000i\000s\000E\000,\000\040\000b\000l\000i\000t\000z\000:\000:\000A\000r\000r\000a\000y\000<\000\040\000d\000o\000u\000b\000l\000e\000,\000\040\0001\000\040\000>\000\040\000w\000\051}{subsection.3.4.3}% 51
\BOOKMARK [3][-]{subsubsection.3.4.3.3}{\376\377\0003\000.\0004\000.\0003\000.\0003\000\040\000c\000f\000n\000\050\000i\000n\000t\000\040\000d\000i\000m\000,\000\040\000b\000o\000o\000l\000\040\000i\000s\000E\000,\000\040\000b\000l\000i\000t\000z\000:\000:\000A\000r\000r\000a\000y\000<\000\040\000d\000o\000u\000b\000l\000e\000,\000\040\0001\000\040\000>\000\040\000w\000\051}{subsection.3.4.3}% 52
\BOOKMARK [3][-]{subsubsection.3.4.3.4}{\376\377\0003\000.\0004\000.\0003\000.\0004\000\040\000c\000h\000e\000c\000k\000g\000l\000o\000b\000a\000l\000l\000i\000m\000i\000t\000s\000\050\000b\000l\000i\000t\000z\000:\000:\000T\000i\000n\000y\000V\000e\000c\000t\000o\000r\000<\000\040\000i\000n\000t\000,\000\040\0003\000\040\000>\000\040\000v\000,\000\040\000b\000o\000o\000l\000\040\000x\000s\000t\000a\000g\000,\000\040\000b\000o\000o\000l\000\040\000y\000s\000t\000a\000g\000\051}{subsection.3.4.3}% 53
\BOOKMARK [3][-]{subsubsection.3.4.3.5}{\376\377\0003\000.\0004\000.\0003\000.\0005\000\040\000g\000l\000o\000b\000a\000l\000t\000o\000l\000o\000c\000a\000l\000\050\000b\000l\000i\000t\000z\000:\000:\000T\000i\000n\000y\000V\000e\000c\000t\000o\000r\000<\000\040\000i\000n\000t\000,\000\040\0003\000\040\000>\000\040\000g\000l\000o\000b\000\051}{subsection.3.4.3}% 54
\BOOKMARK [3][-]{subsubsection.3.4.3.6}{\376\377\0003\000.\0004\000.\0003\000.\0006\000\040\000k\000f\000n\000\050\000i\000n\000t\000\040\000d\000i\000m\000,\000\040\000b\000o\000o\000l\000\040\000i\000s\000E\000,\000\040\000b\000l\000i\000t\000z\000:\000:\000A\000r\000r\000a\000y\000<\000\040\000d\000o\000u\000b\000l\000e\000,\000\040\0001\000\040\000>\000\040\000w\000\051}{subsection.3.4.3}% 55
\BOOKMARK [3][-]{subsubsection.3.4.3.7}{\376\377\0003\000.\0004\000.\0003\000.\0007\000\040\000p\000l\000a\000n\000e\000w\000a\000v\000e\000e\000x\000e\000c\000u\000t\000e\000\050\000v\000f\000i\000e\000l\000d\000\040\000*\000c\000u\000r\000l\000,\000\040\000i\000n\000t\000\040\000t\000i\000m\000e\000s\000t\000e\000p\000\051}{subsection.3.4.3}% 56
\BOOKMARK [3][-]{subsubsection.3.4.3.8}{\376\377\0003\000.\0004\000.\0003\000.\0008\000\040\000p\000l\000a\000n\000e\000w\000a\000v\000e\000e\000x\000e\000c\000u\000t\000e\000\050\000v\000f\000i\000e\000l\000d\000\040\000*\000c\000u\000r\000l\0001\000,\000\040\000v\000f\000i\000e\000l\000d\000\040\000*\000c\000u\000r\000l\0002\000,\000\040\000i\000n\000t\000\040\000t\000i\000m\000e\000s\000t\000e\000p\000\051}{subsection.3.4.3}% 57
\BOOKMARK [3][-]{subsubsection.3.4.3.9}{\376\377\0003\000.\0004\000.\0003\000.\0009\000\040\000p\000l\000a\000n\000e\000w\000a\000v\000e\000i\000n\000i\000t\000i\000a\000l\000i\000s\000e\000\050\000\051}{subsection.3.4.3}% 58
\BOOKMARK [3][-]{subsubsection.3.4.3.10}{\376\377\0003\000.\0004\000.\0003\000.\0001\0000\000\040\000s\000i\000g\000m\000a\000f\000n\000\050\000i\000n\000t\000\040\000d\000i\000m\000,\000\040\000b\000o\000o\000l\000\040\000i\000s\000E\000,\000\040\000b\000l\000i\000t\000z\000:\000:\000A\000r\000r\000a\000y\000<\000\040\000d\000o\000u\000b\000l\000e\000,\000\040\0001\000\040\000>\000\040\000w\000\051}{subsection.3.4.3}% 59
\BOOKMARK [3][-]{subsubsection.3.4.3.11}{\376\377\0003\000.\0004\000.\0003\000.\0001\0001\000\040\000s\000o\000l\000v\000e\000\050\000\051}{subsection.3.4.3}% 60
\BOOKMARK [3][-]{subsubsection.3.4.3.12}{\376\377\0003\000.\0004\000.\0003\000.\0001\0002\000\040\000s\000o\000l\000v\000e\0003\000d\000\050\000\051}{subsection.3.4.3}% 61
\BOOKMARK [3][-]{subsubsection.3.4.3.13}{\376\377\0003\000.\0004\000.\0003\000.\0001\0003\000\040\000s\000o\000l\000v\000e\0003\000d\000p\000m\000l\000\050\000\051}{subsection.3.4.3}% 62
\BOOKMARK [3][-]{subsubsection.3.4.3.14}{\376\377\0003\000.\0004\000.\0003\000.\0001\0004\000\040\000s\000o\000l\000v\000e\000p\000l\000a\000n\000a\000r\000\050\000\051}{subsection.3.4.3}% 63
\BOOKMARK [3][-]{subsubsection.3.4.3.15}{\376\377\0003\000.\0004\000.\0003\000.\0001\0005\000\040\000s\000o\000l\000v\000e\000p\000l\000a\000n\000a\000r\000p\000m\000l\000\050\000\051}{subsection.3.4.3}% 64
\BOOKMARK [2][-]{subsection.3.4.4}{\376\377\0003\000.\0004\000.\0004\000\040\000M\000e\000m\000b\000e\000r\000\040\000D\000a\000t\000a\000\040\000D\000o\000c\000u\000m\000e\000n\000t\000a\000t\000i\000o\000n}{section.3.4}% 65
\BOOKMARK [3][-]{subsubsection.3.4.4.1}{\376\377\0003\000.\0004\000.\0004\000.\0001\000\040\000a\000m\000a\000x}{subsection.3.4.4}% 66
\BOOKMARK [3][-]{subsubsection.3.4.4.2}{\376\377\0003\000.\0004\000.\0004\000.\0002\000\040\000a\000m\000p\000s\000o\000u\000r\000c\000e}{subsection.3.4.4}% 67
\BOOKMARK [3][-]{subsubsection.3.4.4.3}{\376\377\0003\000.\0004\000.\0004\000.\0003\000\040\000c}{subsection.3.4.4}% 68
\BOOKMARK [3][-]{subsubsection.3.4.4.4}{\376\377\0003\000.\0004\000.\0004\000.\0004\000\040\000d\000p\000m\000l}{subsection.3.4.4}% 69
\BOOKMARK [3][-]{subsubsection.3.4.4.5}{\376\377\0003\000.\0004\000.\0004\000.\0005\000\040\000d\000t}{subsection.3.4.4}% 70
\BOOKMARK [3][-]{subsubsection.3.4.4.6}{\376\377\0003\000.\0004\000.\0004\000.\0006\000\040\000d\000x}{subsection.3.4.4}% 71
\BOOKMARK [3][-]{subsubsection.3.4.4.7}{\376\377\0003\000.\0004\000.\0004\000.\0007\000\040\000d\000y}{subsection.3.4.4}% 72
\BOOKMARK [3][-]{subsubsection.3.4.4.8}{\376\377\0003\000.\0004\000.\0004\000.\0008\000\040\000d\000z}{subsection.3.4.4}% 73
\BOOKMARK [3][-]{subsubsection.3.4.4.9}{\376\377\0003\000.\0004\000.\0004\000.\0009\000\040\000E\000x\000d\000i\000r}{subsection.3.4.4}% 74
\BOOKMARK [3][-]{subsubsection.3.4.4.10}{\376\377\0003\000.\0004\000.\0004\000.\0001\0000\000\040\000E\000y\000d\000i\000r}{subsection.3.4.4}% 75
\BOOKMARK [3][-]{subsubsection.3.4.4.11}{\376\377\0003\000.\0004\000.\0004\000.\0001\0001\000\040\000E\000z\000d\000i\000r}{subsection.3.4.4}% 76
\BOOKMARK [3][-]{subsubsection.3.4.4.12}{\376\377\0003\000.\0004\000.\0004\000.\0001\0002\000\040\000e\000n\000d\000x}{subsection.3.4.4}% 77
\BOOKMARK [3][-]{subsubsection.3.4.4.13}{\376\377\0003\000.\0004\000.\0004\000.\0001\0003\000\040\000e\000n\000d\000y}{subsection.3.4.4}% 78
\BOOKMARK [3][-]{subsubsection.3.4.4.14}{\376\377\0003\000.\0004\000.\0004\000.\0001\0004\000\040\000e\000n\000d\000z}{subsection.3.4.4}% 79
\BOOKMARK [3][-]{subsubsection.3.4.4.15}{\376\377\0003\000.\0004\000.\0004\000.\0001\0005\000\040\000e\000p\000s\000i\000l\000o\000n\0000}{subsection.3.4.4}% 80
\BOOKMARK [3][-]{subsubsection.3.4.4.16}{\376\377\0003\000.\0004\000.\0004\000.\0001\0006\000\040\000g\000r\000i\000d\000D\000a\000t\000a}{subsection.3.4.4}% 81
\BOOKMARK [3][-]{subsubsection.3.4.4.17}{\376\377\0003\000.\0004\000.\0004\000.\0001\0007\000\040\000H\000x\000d\000i\000r}{subsection.3.4.4}% 82
\BOOKMARK [3][-]{subsubsection.3.4.4.18}{\376\377\0003\000.\0004\000.\0004\000.\0001\0008\000\040\000H\000y\000d\000i\000r}{subsection.3.4.4}% 83
\BOOKMARK [3][-]{subsubsection.3.4.4.19}{\376\377\0003\000.\0004\000.\0004\000.\0001\0009\000\040\000H\000z\000d\000i\000r}{subsection.3.4.4}% 84
\BOOKMARK [3][-]{subsubsection.3.4.4.20}{\376\377\0003\000.\0004\000.\0004\000.\0002\0000\000\040\000i\000n\000i\000t}{subsection.3.4.4}% 85
\BOOKMARK [3][-]{subsubsection.3.4.4.21}{\376\377\0003\000.\0004\000.\0004\000.\0002\0001\000\040\000i\000n\000p\000u\000t\000D\000a\000t\000a}{subsection.3.4.4}% 86
\BOOKMARK [3][-]{subsubsection.3.4.4.22}{\376\377\0003\000.\0004\000.\0004\000.\0002\0002\000\040\000k\000m\000a\000x}{subsection.3.4.4}% 87
\BOOKMARK [3][-]{subsubsection.3.4.4.23}{\376\377\0003\000.\0004\000.\0004\000.\0002\0003\000\040\000k\000x}{subsection.3.4.4}% 88
\BOOKMARK [3][-]{subsubsection.3.4.4.24}{\376\377\0003\000.\0004\000.\0004\000.\0002\0004\000\040\000k\000y}{subsection.3.4.4}% 89
\BOOKMARK [3][-]{subsubsection.3.4.4.25}{\376\377\0003\000.\0004\000.\0004\000.\0002\0005\000\040\000k\000z}{subsection.3.4.4}% 90
\BOOKMARK [3][-]{subsubsection.3.4.4.26}{\376\377\0003\000.\0004\000.\0004\000.\0002\0006\000\040\000l\000a\000m\000b\000d\000a}{subsection.3.4.4}% 91
\BOOKMARK [3][-]{subsubsection.3.4.4.27}{\376\377\0003\000.\0004\000.\0004\000.\0002\0007\000\040\000m\000p\000m\000l}{subsection.3.4.4}% 92
\BOOKMARK [3][-]{subsubsection.3.4.4.28}{\376\377\0003\000.\0004\000.\0004\000.\0002\0008\000\040\000m\000a\000p\000m\000l}{subsection.3.4.4}% 93
\BOOKMARK [3][-]{subsubsection.3.4.4.29}{\376\377\0003\000.\0004\000.\0004\000.\0002\0009\000\040\000m\000e\000w\0000}{subsection.3.4.4}% 94
\BOOKMARK [3][-]{subsubsection.3.4.4.30}{\376\377\0003\000.\0004\000.\0004\000.\0003\0000\000\040\000m\000p\000i}{subsection.3.4.4}% 95
\BOOKMARK [3][-]{subsubsection.3.4.4.31}{\376\377\0003\000.\0004\000.\0004\000.\0003\0001\000\040\000n\000t\000h\000r\000e\000a\000d\000s}{subsection.3.4.4}% 96
\BOOKMARK [3][-]{subsubsection.3.4.4.32}{\376\377\0003\000.\0004\000.\0004\000.\0003\0002\000\040\000n\000u\000m\000t\000i\000m\000e\000s\000t\000e\000p\000s}{subsection.3.4.4}% 97
\BOOKMARK [3][-]{subsubsection.3.4.4.33}{\376\377\0003\000.\0004\000.\0004\000.\0003\0003\000\040\000N\000x\000s\000o\000u\000r\000c\000e}{subsection.3.4.4}% 98
\BOOKMARK [3][-]{subsubsection.3.4.4.34}{\376\377\0003\000.\0004\000.\0004\000.\0003\0004\000\040\000N\000y\000s\000o\000u\000r\000c\000e}{subsection.3.4.4}% 99
\BOOKMARK [3][-]{subsubsection.3.4.4.35}{\376\377\0003\000.\0004\000.\0004\000.\0003\0005\000\040\000N\000z\000s\000o\000u\000r\000c\000e}{subsection.3.4.4}% 100
\BOOKMARK [3][-]{subsubsection.3.4.4.36}{\376\377\0003\000.\0004\000.\0004\000.\0003\0006\000\040\000o\000m\000e\000g\000a\000s\000o\000u\000r\000c\000e}{subsection.3.4.4}% 101
\BOOKMARK [3][-]{subsubsection.3.4.4.37}{\376\377\0003\000.\0004\000.\0004\000.\0003\0007\000\040\000p\0001}{subsection.3.4.4}% 102
\BOOKMARK [3][-]{subsubsection.3.4.4.38}{\376\377\0003\000.\0004\000.\0004\000.\0003\0008\000\040\000p\0002}{subsection.3.4.4}% 103
\BOOKMARK [3][-]{subsubsection.3.4.4.39}{\376\377\0003\000.\0004\000.\0004\000.\0003\0009\000\040\000q\0001}{subsection.3.4.4}% 104
\BOOKMARK [3][-]{subsubsection.3.4.4.40}{\376\377\0003\000.\0004\000.\0004\000.\0004\0000\000\040\000q\0002}{subsection.3.4.4}% 105
\BOOKMARK [3][-]{subsubsection.3.4.4.41}{\376\377\0003\000.\0004\000.\0004\000.\0004\0001\000\040\000r\0001}{subsection.3.4.4}% 106
\BOOKMARK [3][-]{subsubsection.3.4.4.42}{\376\377\0003\000.\0004\000.\0004\000.\0004\0002\000\040\000r\0002}{subsection.3.4.4}% 107
\BOOKMARK [3][-]{subsubsection.3.4.4.43}{\376\377\0003\000.\0004\000.\0004\000.\0004\0003\000\040\000S}{subsection.3.4.4}% 108
\BOOKMARK [3][-]{subsubsection.3.4.4.44}{\376\377\0003\000.\0004\000.\0004\000.\0004\0004\000\040\000s\000i\000g\000m\000a}{subsection.3.4.4}% 109
\BOOKMARK [3][-]{subsubsection.3.4.4.45}{\376\377\0003\000.\0004\000.\0004\000.\0004\0005\000\040\000s\000i\000g\000m\000a\000m\000a\000x}{subsection.3.4.4}% 110
\BOOKMARK [3][-]{subsubsection.3.4.4.46}{\376\377\0003\000.\0004\000.\0004\000.\0004\0006\000\040\000s\000i\000g\000m\000a\000o\000p\000t\000i\000m\000a\000l}{subsection.3.4.4}% 111
\BOOKMARK [3][-]{subsubsection.3.4.4.47}{\376\377\0003\000.\0004\000.\0004\000.\0004\0007\000\040\000s\000t\000a\000r\000t\000x}{subsection.3.4.4}% 112
\BOOKMARK [3][-]{subsubsection.3.4.4.48}{\376\377\0003\000.\0004\000.\0004\000.\0004\0008\000\040\000s\000t\000a\000r\000t\000y}{subsection.3.4.4}% 113
\BOOKMARK [3][-]{subsubsection.3.4.4.49}{\376\377\0003\000.\0004\000.\0004\000.\0004\0009\000\040\000s\000t\000a\000r\000t\000z}{subsection.3.4.4}% 114
\BOOKMARK [3][-]{subsubsection.3.4.4.50}{\376\377\0003\000.\0004\000.\0004\000.\0005\0000\000\040\000u\000s\000e\000P\000M\000L}{subsection.3.4.4}% 115
\BOOKMARK [3][-]{subsubsection.3.4.4.51}{\376\377\0003\000.\0004\000.\0004\000.\0005\0001\000\040\000u\000s\000e\000P\000S}{subsection.3.4.4}% 116
\BOOKMARK [3][-]{subsubsection.3.4.4.52}{\376\377\0003\000.\0004\000.\0004\000.\0005\0002\000\040\000u\000s\000e\000P\000W}{subsection.3.4.4}% 117
\BOOKMARK [1][-]{section.3.5}{\376\377\0003\000.\0005\000\040\000m\000p\000i\000d\000a\000t\000a\000\040\000C\000l\000a\000s\000s\000\040\000R\000e\000f\000e\000r\000e\000n\000c\000e}{chapter.3}% 118
\BOOKMARK [2][-]{subsection.3.5.1}{\376\377\0003\000.\0005\000.\0001\000\040\000D\000e\000t\000a\000i\000l\000e\000d\000\040\000D\000e\000s\000c\000r\000i\000p\000t\000i\000o\000n}{section.3.5}% 119
\BOOKMARK [2][-]{subsection.3.5.2}{\376\377\0003\000.\0005\000.\0002\000\040\000C\000o\000n\000s\000t\000r\000u\000c\000t\000o\000r\000\040\000\046\000\040\000D\000e\000s\000t\000r\000u\000c\000t\000o\000r\000\040\000D\000o\000c\000u\000m\000e\000n\000t\000a\000t\000i\000o\000n}{section.3.5}% 120
\BOOKMARK [3][-]{subsubsection.3.5.2.1}{\376\377\0003\000.\0005\000.\0002\000.\0001\000\040\000m\000p\000i\000d\000a\000t\000a\000\050\000b\000l\000i\000t\000z\000:\000:\000A\000r\000r\000a\000y\000<\000\040\000d\000o\000u\000b\000l\000e\000,\000\040\0003\000\040\000>\000\040\000i\000n\000p\000u\000t\000A\000r\000r\000a\000y\000,\000\040\000b\000o\000o\000l\000\040\000x\000S\000t\000a\000g\000,\000\040\000b\000o\000o\000l\000\040\000y\000S\000t\000a\000g\000,\000\040\000c\000o\000n\000s\000t\000\040\000p\000a\000r\000a\000l\000l\000e\000l\000\040\000p\000a\000r\000a\000l\000l\000e\000l\000D\000a\000t\000a\000,\000\040\000c\000o\000n\000s\000t\000\040\000g\000r\000i\000d\000\040\000g\000r\000i\000d\000D\000a\000t\000a\000\051}{subsection.3.5.2}% 121
\BOOKMARK [2][-]{subsection.3.5.3}{\376\377\0003\000.\0005\000.\0003\000\040\000M\000e\000m\000b\000e\000r\000\040\000F\000u\000n\000c\000t\000i\000o\000n\000\040\000D\000o\000c\000u\000m\000e\000n\000t\000a\000t\000i\000o\000n}{section.3.5}% 122
\BOOKMARK [3][-]{subsubsection.3.5.3.1}{\376\377\0003\000.\0005\000.\0003\000.\0001\000\040\000c\000r\000e\000a\000t\000e\000S\000u\000b\000a\000r\000r\000a\000y\000s\000\050\000c\000o\000n\000s\000t\000\040\000b\000o\000o\000l\000\040\000x\000S\000t\000a\000g\000,\000\040\000c\000o\000n\000s\000t\000\040\000b\000o\000o\000l\000\040\000y\000S\000t\000a\000g\000,\000\040\000c\000o\000n\000s\000t\000\040\000b\000o\000o\000l\000\040\000z\000S\000t\000a\000g\000\051}{subsection.3.5.3}% 123
\BOOKMARK [3][-]{subsubsection.3.5.3.2}{\376\377\0003\000.\0005\000.\0003\000.\0002\000\040\000s\000y\000n\000c\000D\000a\000t\000a\000\050\000\051}{subsection.3.5.3}% 124
\BOOKMARK [1][-]{section.3.6}{\376\377\0003\000.\0006\000\040\000p\000a\000r\000a\000l\000l\000e\000l\000\040\000C\000l\000a\000s\000s\000\040\000R\000e\000f\000e\000r\000e\000n\000c\000e}{chapter.3}% 125
\BOOKMARK [2][-]{subsection.3.6.1}{\376\377\0003\000.\0006\000.\0001\000\040\000D\000e\000t\000a\000i\000l\000e\000d\000\040\000D\000e\000s\000c\000r\000i\000p\000t\000i\000o\000n}{section.3.6}% 126
\BOOKMARK [2][-]{subsection.3.6.2}{\376\377\0003\000.\0006\000.\0002\000\040\000C\000o\000n\000s\000t\000r\000u\000c\000t\000o\000r\000\040\000\046\000\040\000D\000e\000s\000t\000r\000u\000c\000t\000o\000r\000\040\000D\000o\000c\000u\000m\000e\000n\000t\000a\000t\000i\000o\000n}{section.3.6}% 127
\BOOKMARK [3][-]{subsubsection.3.6.2.1}{\376\377\0003\000.\0006\000.\0002\000.\0001\000\040\000p\000a\000r\000a\000l\000l\000e\000l\000\050\000c\000o\000n\000s\000t\000\040\000r\000e\000a\000d\000e\000r\000\040\000i\000D\000a\000t\000\051}{subsection.3.6.2}% 128
\BOOKMARK [2][-]{subsection.3.6.3}{\376\377\0003\000.\0006\000.\0003\000\040\000M\000e\000m\000b\000e\000r\000\040\000F\000u\000n\000c\000t\000i\000o\000n\000\040\000D\000o\000c\000u\000m\000e\000n\000t\000a\000t\000i\000o\000n}{section.3.6}% 129
\BOOKMARK [3][-]{subsubsection.3.6.3.1}{\376\377\0003\000.\0006\000.\0003\000.\0001\000\040\000f\000i\000n\000d\000R\000a\000n\000k\000\050\000i\000n\000t\000\040\000x\000R\000,\000\040\000i\000n\000t\000\040\000y\000R\000\051}{subsection.3.6.3}% 130
\BOOKMARK [2][-]{subsection.3.6.4}{\376\377\0003\000.\0006\000.\0004\000\040\000M\000e\000m\000b\000e\000r\000\040\000D\000a\000t\000a\000\040\000D\000o\000c\000u\000m\000e\000n\000t\000a\000t\000i\000o\000n}{section.3.6}% 131
\BOOKMARK [3][-]{subsubsection.3.6.4.1}{\376\377\0003\000.\0006\000.\0004\000.\0001\000\040\000n\000e\000a\000r\000R\000a\000n\000k\000s}{subsection.3.6.4}% 132
\BOOKMARK [3][-]{subsubsection.3.6.4.2}{\376\377\0003\000.\0006\000.\0004\000.\0002\000\040\000n\000P\000r\000o\000c}{subsection.3.6.4}% 133
\BOOKMARK [3][-]{subsubsection.3.6.4.3}{\376\377\0003\000.\0006\000.\0004\000.\0003\000\040\000n\000p\000X}{subsection.3.6.4}% 134
\BOOKMARK [3][-]{subsubsection.3.6.4.4}{\376\377\0003\000.\0006\000.\0004\000.\0004\000\040\000n\000p\000Y}{subsection.3.6.4}% 135
\BOOKMARK [3][-]{subsubsection.3.6.4.5}{\376\377\0003\000.\0006\000.\0004\000.\0005\000\040\000r\000a\000n\000k}{subsection.3.6.4}% 136
\BOOKMARK [3][-]{subsubsection.3.6.4.6}{\376\377\0003\000.\0006\000.\0004\000.\0006\000\040\000x\000R\000a\000n\000k}{subsection.3.6.4}% 137
\BOOKMARK [3][-]{subsubsection.3.6.4.7}{\376\377\0003\000.\0006\000.\0004\000.\0007\000\040\000y\000R\000a\000n\000k}{subsection.3.6.4}% 138
\BOOKMARK [1][-]{section.3.7}{\376\377\0003\000.\0007\000\040\000r\000e\000a\000d\000e\000r\000\040\000C\000l\000a\000s\000s\000\040\000R\000e\000f\000e\000r\000e\000n\000c\000e}{chapter.3}% 139
\BOOKMARK [2][-]{subsection.3.7.1}{\376\377\0003\000.\0007\000.\0001\000\040\000D\000e\000t\000a\000i\000l\000e\000d\000\040\000D\000e\000s\000c\000r\000i\000p\000t\000i\000o\000n}{section.3.7}% 140
\BOOKMARK [2][-]{subsection.3.7.2}{\376\377\0003\000.\0007\000.\0002\000\040\000C\000o\000n\000s\000t\000r\000u\000c\000t\000o\000r\000\040\000\046\000\040\000D\000e\000s\000t\000r\000u\000c\000t\000o\000r\000\040\000D\000o\000c\000u\000m\000e\000n\000t\000a\000t\000i\000o\000n}{section.3.7}% 141
\BOOKMARK [3][-]{subsubsection.3.7.2.1}{\376\377\0003\000.\0007\000.\0002\000.\0001\000\040\000r\000e\000a\000d\000e\000r\000\050\000\051}{subsection.3.7.2}% 142
\BOOKMARK [2][-]{subsection.3.7.3}{\376\377\0003\000.\0007\000.\0003\000\040\000M\000e\000m\000b\000e\000r\000\040\000F\000u\000n\000c\000t\000i\000o\000n\000\040\000D\000o\000c\000u\000m\000e\000n\000t\000a\000t\000i\000o\000n}{section.3.7}% 143
\BOOKMARK [3][-]{subsubsection.3.7.3.1}{\376\377\0003\000.\0007\000.\0003\000.\0001\000\040\000c\000h\000e\000c\000k\000D\000a\000t\000a\000\050\000\051}{subsection.3.7.3}% 144
\BOOKMARK [3][-]{subsubsection.3.7.3.2}{\376\377\0003\000.\0007\000.\0003\000.\0002\000\040\000r\000e\000a\000d\000Y\000A\000M\000L\000\050\000\051}{subsection.3.7.3}% 145
\BOOKMARK [2][-]{subsection.3.7.4}{\376\377\0003\000.\0007\000.\0004\000\040\000M\000e\000m\000b\000e\000r\000\040\000D\000a\000t\000a\000\040\000D\000o\000c\000u\000m\000e\000n\000t\000a\000t\000i\000o\000n}{section.3.7}% 146
\BOOKMARK [3][-]{subsubsection.3.7.4.1}{\376\377\0003\000.\0007\000.\0004\000.\0001\000\040\000a\000m}{subsection.3.7.4}% 147
\BOOKMARK [3][-]{subsubsection.3.7.4.2}{\376\377\0003\000.\0007\000.\0004\000.\0002\000\040\000a\000m\000a\000x}{subsection.3.7.4}% 148
\BOOKMARK [3][-]{subsubsection.3.7.4.3}{\376\377\0003\000.\0007\000.\0004\000.\0003\000\040\000a\000m\000p\000s\000o\000u\000r\000c\000e}{subsection.3.7.4}% 149
\BOOKMARK [3][-]{subsubsection.3.7.4.4}{\376\377\0003\000.\0007\000.\0004\000.\0004\000\040\000d\000p\000m\000l}{subsection.3.7.4}% 150
\BOOKMARK [3][-]{subsubsection.3.7.4.5}{\376\377\0003\000.\0007\000.\0004\000.\0005\000\040\000d\000x}{subsection.3.7.4}% 151
\BOOKMARK [3][-]{subsubsection.3.7.4.6}{\376\377\0003\000.\0007\000.\0004\000.\0006\000\040\000d\000y}{subsection.3.7.4}% 152
\BOOKMARK [3][-]{subsubsection.3.7.4.7}{\376\377\0003\000.\0007\000.\0004\000.\0007\000\040\000d\000z}{subsection.3.7.4}% 153
\BOOKMARK [3][-]{subsubsection.3.7.4.8}{\376\377\0003\000.\0007\000.\0004\000.\0008\000\040\000E\000x\000p\000w}{subsection.3.7.4}% 154
\BOOKMARK [3][-]{subsubsection.3.7.4.9}{\376\377\0003\000.\0007\000.\0004\000.\0009\000\040\000E\000y\000p\000w}{subsection.3.7.4}% 155
\BOOKMARK [3][-]{subsubsection.3.7.4.10}{\376\377\0003\000.\0007\000.\0004\000.\0001\0000\000\040\000E\000z\000p\000w}{subsection.3.7.4}% 156
\BOOKMARK [3][-]{subsubsection.3.7.4.11}{\376\377\0003\000.\0007\000.\0004\000.\0001\0001\000\040\000i\000s\000P\000l\000a\000n\000a\000r}{subsection.3.7.4}% 157
\BOOKMARK [3][-]{subsubsection.3.7.4.12}{\376\377\0003\000.\0007\000.\0004\000.\0001\0002\000\040\000k\000a\000p\000p\000a}{subsection.3.7.4}% 158
\BOOKMARK [3][-]{subsubsection.3.7.4.13}{\376\377\0003\000.\0007\000.\0004\000.\0001\0003\000\040\000k\000x\000p\000w}{subsection.3.7.4}% 159
\BOOKMARK [3][-]{subsubsection.3.7.4.14}{\376\377\0003\000.\0007\000.\0004\000.\0001\0004\000\040\000k\000y\000p\000w}{subsection.3.7.4}% 160
\BOOKMARK [3][-]{subsubsection.3.7.4.15}{\376\377\0003\000.\0007\000.\0004\000.\0001\0005\000\040\000k\000z\000p\000w}{subsection.3.7.4}% 161
\BOOKMARK [3][-]{subsubsection.3.7.4.16}{\376\377\0003\000.\0007\000.\0004\000.\0001\0006\000\040\000n\000t\000h\000r\000e\000a\000d\000s}{subsection.3.7.4}% 162
\BOOKMARK [3][-]{subsubsection.3.7.4.17}{\376\377\0003\000.\0007\000.\0004\000.\0001\0007\000\040\000n\000p\000X}{subsection.3.7.4}% 163
\BOOKMARK [3][-]{subsubsection.3.7.4.18}{\376\377\0003\000.\0007\000.\0004\000.\0001\0008\000\040\000n\000p\000Y}{subsection.3.7.4}% 164
\BOOKMARK [3][-]{subsubsection.3.7.4.19}{\376\377\0003\000.\0007\000.\0004\000.\0001\0009\000\040\000n\000u\000m\000t\000i\000m\000e\000s\000t\000e\000p\000s}{subsection.3.7.4}% 165
\BOOKMARK [3][-]{subsubsection.3.7.4.20}{\376\377\0003\000.\0007\000.\0004\000.\0002\0000\000\040\000N\000x}{subsection.3.7.4}% 166
\BOOKMARK [3][-]{subsubsection.3.7.4.21}{\376\377\0003\000.\0007\000.\0004\000.\0002\0001\000\040\000N\000x\000s\000o\000u\000r\000c\000e}{subsection.3.7.4}% 167
\BOOKMARK [3][-]{subsubsection.3.7.4.22}{\376\377\0003\000.\0007\000.\0004\000.\0002\0002\000\040\000N\000y}{subsection.3.7.4}% 168
\BOOKMARK [3][-]{subsubsection.3.7.4.23}{\376\377\0003\000.\0007\000.\0004\000.\0002\0003\000\040\000N\000y\000s\000o\000u\000r\000c\000e}{subsection.3.7.4}% 169
\BOOKMARK [3][-]{subsubsection.3.7.4.24}{\376\377\0003\000.\0007\000.\0004\000.\0002\0004\000\040\000N\000z}{subsection.3.7.4}% 170
\BOOKMARK [3][-]{subsubsection.3.7.4.25}{\376\377\0003\000.\0007\000.\0004\000.\0002\0005\000\040\000N\000z\000s\000o\000u\000r\000c\000e}{subsection.3.7.4}% 171
\BOOKMARK [3][-]{subsubsection.3.7.4.26}{\376\377\0003\000.\0007\000.\0004\000.\0002\0006\000\040\000o\000f\000f\000p\000w}{subsection.3.7.4}% 172
\BOOKMARK [3][-]{subsubsection.3.7.4.27}{\376\377\0003\000.\0007\000.\0004\000.\0002\0007\000\040\000o\000m\000e\000g\000a\000s\000o\000u\000r\000c\000e}{subsection.3.7.4}% 173
\BOOKMARK [3][-]{subsubsection.3.7.4.28}{\376\377\0003\000.\0007\000.\0004\000.\0002\0008\000\040\000S}{subsection.3.7.4}% 174
\BOOKMARK [3][-]{subsubsection.3.7.4.29}{\376\377\0003\000.\0007\000.\0004\000.\0002\0009\000\040\000s\000i\000g\000m\000a}{subsection.3.7.4}% 175
\BOOKMARK [3][-]{subsubsection.3.7.4.30}{\376\377\0003\000.\0007\000.\0004\000.\0003\0000\000\040\000s\000i\000g\000m\000a\000m}{subsection.3.7.4}% 176
\BOOKMARK [3][-]{subsubsection.3.7.4.31}{\376\377\0003\000.\0007\000.\0004\000.\0003\0001\000\040\000u\000s\000e\000P\000M\000L}{subsection.3.7.4}% 177
\BOOKMARK [3][-]{subsubsection.3.7.4.32}{\376\377\0003\000.\0007\000.\0004\000.\0003\0002\000\040\000u\000s\000e\000P\000S}{subsection.3.7.4}% 178
\BOOKMARK [3][-]{subsubsection.3.7.4.33}{\376\377\0003\000.\0007\000.\0004\000.\0003\0003\000\040\000u\000s\000e\000P\000W}{subsection.3.7.4}% 179
\BOOKMARK [3][-]{subsubsection.3.7.4.34}{\376\377\0003\000.\0007\000.\0004\000.\0003\0004\000\040\000x\0001\000p\000w}{subsection.3.7.4}% 180
\BOOKMARK [3][-]{subsubsection.3.7.4.35}{\376\377\0003\000.\0007\000.\0004\000.\0003\0005\000\040\000x\0002\000p\000w}{subsection.3.7.4}% 181
\BOOKMARK [3][-]{subsubsection.3.7.4.36}{\376\377\0003\000.\0007\000.\0004\000.\0003\0006\000\040\000y\0001\000p\000w}{subsection.3.7.4}% 182
\BOOKMARK [3][-]{subsubsection.3.7.4.37}{\376\377\0003\000.\0007\000.\0004\000.\0003\0007\000\040\000y\0002\000p\000w}{subsection.3.7.4}% 183
\BOOKMARK [3][-]{subsubsection.3.7.4.38}{\376\377\0003\000.\0007\000.\0004\000.\0003\0008\000\040\000z\0001\000p\000w}{subsection.3.7.4}% 184
\BOOKMARK [3][-]{subsubsection.3.7.4.39}{\376\377\0003\000.\0007\000.\0004\000.\0003\0009\000\040\000z\0002\000p\000w}{subsection.3.7.4}% 185
\BOOKMARK [1][-]{section.3.8}{\376\377\0003\000.\0008\000\040\000v\000f\000i\000e\000l\000d\000\040\000C\000l\000a\000s\000s\000\040\000R\000e\000f\000e\000r\000e\000n\000c\000e}{chapter.3}% 186
\BOOKMARK [2][-]{subsection.3.8.1}{\376\377\0003\000.\0008\000.\0001\000\040\000D\000e\000t\000a\000i\000l\000e\000d\000\040\000D\000e\000s\000c\000r\000i\000p\000t\000i\000o\000n}{section.3.8}% 187
\BOOKMARK [2][-]{subsection.3.8.2}{\376\377\0003\000.\0008\000.\0002\000\040\000C\000o\000n\000s\000t\000r\000u\000c\000t\000o\000r\000\040\000\046\000\040\000D\000e\000s\000t\000r\000u\000c\000t\000o\000r\000\040\000D\000o\000c\000u\000m\000e\000n\000t\000a\000t\000i\000o\000n}{section.3.8}% 188
\BOOKMARK [3][-]{subsubsection.3.8.2.1}{\376\377\0003\000.\0008\000.\0002\000.\0001\000\040\000v\000f\000i\000e\000l\000d\000\050\000c\000o\000n\000s\000t\000\040\000g\000r\000i\000d\000\040\000g\000r\000i\000d\000D\000a\000t\000a\000,\000\040\000b\000o\000o\000l\000\040\000i\000s\000F\000a\000c\000e\000C\000e\000n\000t\000e\000r\000e\000d\000\051}{subsection.3.8.2}% 189
\BOOKMARK [2][-]{subsection.3.8.3}{\376\377\0003\000.\0008\000.\0003\000\040\000M\000e\000m\000b\000e\000r\000\040\000F\000u\000n\000c\000t\000i\000o\000n\000\040\000D\000o\000c\000u\000m\000e\000n\000t\000a\000t\000i\000o\000n}{section.3.8}% 190
\BOOKMARK [3][-]{subsubsection.3.8.3.1}{\376\377\0003\000.\0008\000.\0003\000.\0001\000\040\000c\000u\000r\000l\0003\000d\000\050\000v\000f\000i\000e\000l\000d\000\040\000*\000c\000u\000r\000l\000\051}{subsection.3.8.3}% 191
\BOOKMARK [3][-]{subsubsection.3.8.3.2}{\376\377\0003\000.\0008\000.\0003\000.\0002\000\040\000c\000u\000r\000l\0003\000d\000a\000d\000v\000\050\000v\000f\000i\000e\000l\000d\000\040\000*\000c\000u\000r\000l\0001\000,\000\040\000v\000f\000i\000e\000l\000d\000\040\000*\000c\000u\000r\000l\0002\000\051}{subsection.3.8.3}% 192
\BOOKMARK [3][-]{subsubsection.3.8.3.3}{\376\377\0003\000.\0008\000.\0003\000.\0003\000\040\000c\000u\000r\000l\000p\000l\000a\000n\000a\000r\000\050\000v\000f\000i\000e\000l\000d\000\040\000*\000c\000u\000r\000l\000\051}{subsection.3.8.3}% 193
\BOOKMARK [3][-]{subsubsection.3.8.3.4}{\376\377\0003\000.\0008\000.\0003\000.\0004\000\040\000c\000u\000r\000l\000p\000l\000a\000n\000a\000r\000a\000d\000v\000\050\000v\000f\000i\000e\000l\000d\000\040\000*\000c\000u\000r\000l\0001\000,\000\040\000v\000f\000i\000e\000l\000d\000\040\000*\000c\000u\000r\000l\0002\000\051}{subsection.3.8.3}% 194
\BOOKMARK [2][-]{subsection.3.8.4}{\376\377\0003\000.\0008\000.\0004\000\040\000M\000e\000m\000b\000e\000r\000\040\000D\000a\000t\000a\000\040\000D\000o\000c\000u\000m\000e\000n\000t\000a\000t\000i\000o\000n}{section.3.8}% 195
\BOOKMARK [3][-]{subsubsection.3.8.4.1}{\376\377\0003\000.\0008\000.\0004\000.\0001\000\040\000g\000r\000i\000d\000D\000a\000t\000a}{subsection.3.8.4}% 196
\BOOKMARK [3][-]{subsubsection.3.8.4.2}{\376\377\0003\000.\0008\000.\0004\000.\0002\000\040\000i\000s\000F\000a\000c\000e\000C\000e\000n\000t\000e\000r\000e\000d}{subsection.3.8.4}% 197
\BOOKMARK [3][-]{subsubsection.3.8.4.3}{\376\377\0003\000.\0008\000.\0004\000.\0003\000\040\000i\000s\000P\000l\000a\000n\000a\000r}{subsection.3.8.4}% 198
\BOOKMARK [3][-]{subsubsection.3.8.4.4}{\376\377\0003\000.\0008\000.\0004\000.\0004\000\040\000V\000x}{subsection.3.8.4}% 199
\BOOKMARK [3][-]{subsubsection.3.8.4.5}{\376\377\0003\000.\0008\000.\0004\000.\0005\000\040\000V\000y}{subsection.3.8.4}% 200
\BOOKMARK [3][-]{subsubsection.3.8.4.6}{\376\377\0003\000.\0008\000.\0004\000.\0006\000\040\000V\000z}{subsection.3.8.4}% 201
\BOOKMARK [0][-]{chapter.4}{\376\377\0004\000\040\000F\000i\000l\000e\000\040\000D\000o\000c\000u\000m\000e\000n\000t\000a\000t\000i\000o\000n}{}% 202
\BOOKMARK [1][-]{section.4.1}{\376\377\0004\000.\0001\000\040\000/\000h\000o\000m\000e\000/\000r\000i\000s\000h\000a\000b\000h\000/\000L\000u\000x\000u\000m\000/\000l\000i\000b\000/\000f\000i\000e\000l\000d\000.\000h\000\040\000F\000i\000l\000e\000\040\000R\000e\000f\000e\000r\000e\000n\000c\000e}{chapter.4}% 203
\BOOKMARK [1][-]{section.4.2}{\376\377\0004\000.\0002\000\040\000/\000h\000o\000m\000e\000/\000r\000i\000s\000h\000a\000b\000h\000/\000L\000u\000x\000u\000m\000/\000l\000i\000b\000/\000f\000i\000l\000e\000i\000o\000.\000h\000\040\000F\000i\000l\000e\000\040\000R\000e\000f\000e\000r\000e\000n\000c\000e}{chapter.4}% 204
\BOOKMARK [1][-]{section.4.3}{\376\377\0004\000.\0003\000\040\000/\000h\000o\000m\000e\000/\000r\000i\000s\000h\000a\000b\000h\000/\000L\000u\000x\000u\000m\000/\000l\000i\000b\000/\000g\000r\000i\000d\000.\000h\000\040\000F\000i\000l\000e\000\040\000R\000e\000f\000e\000r\000e\000n\000c\000e}{chapter.4}% 205
\BOOKMARK [1][-]{section.4.4}{\376\377\0004\000.\0004\000\040\000/\000h\000o\000m\000e\000/\000r\000i\000s\000h\000a\000b\000h\000/\000L\000u\000x\000u\000m\000/\000l\000i\000b\000/\000m\000a\000x\000w\000e\000l\000l\000.\000h\000\040\000F\000i\000l\000e\000\040\000R\000e\000f\000e\000r\000e\000n\000c\000e}{chapter.4}% 206
\BOOKMARK [1][-]{section.4.5}{\376\377\0004\000.\0005\000\040\000/\000h\000o\000m\000e\000/\000r\000i\000s\000h\000a\000b\000h\000/\000L\000u\000x\000u\000m\000/\000l\000i\000b\000/\000m\000p\000i\000d\000a\000t\000a\000.\000h\000\040\000F\000i\000l\000e\000\040\000R\000e\000f\000e\000r\000e\000n\000c\000e}{chapter.4}% 207
\BOOKMARK [1][-]{section.4.6}{\376\377\0004\000.\0006\000\040\000/\000h\000o\000m\000e\000/\000r\000i\000s\000h\000a\000b\000h\000/\000L\000u\000x\000u\000m\000/\000l\000i\000b\000/\000p\000a\000r\000a\000l\000l\000e\000l\000.\000h\000\040\000F\000i\000l\000e\000\040\000R\000e\000f\000e\000r\000e\000n\000c\000e}{chapter.4}% 208
\BOOKMARK [1][-]{section.4.7}{\376\377\0004\000.\0007\000\040\000/\000h\000o\000m\000e\000/\000r\000i\000s\000h\000a\000b\000h\000/\000L\000u\000x\000u\000m\000/\000l\000i\000b\000/\000r\000e\000a\000d\000e\000r\000.\000h\000\040\000F\000i\000l\000e\000\040\000R\000e\000f\000e\000r\000e\000n\000c\000e}{chapter.4}% 209
\BOOKMARK [1][-]{section.4.8}{\376\377\0004\000.\0008\000\040\000/\000h\000o\000m\000e\000/\000r\000i\000s\000h\000a\000b\000h\000/\000L\000u\000x\000u\000m\000/\000l\000i\000b\000/\000v\000f\000i\000e\000l\000d\000.\000h\000\040\000F\000i\000l\000e\000\040\000R\000e\000f\000e\000r\000e\000n\000c\000e}{chapter.4}% 210
\BOOKMARK [1][-]{section.4.9}{\376\377\0004\000.\0009\000\040\000/\000h\000o\000m\000e\000/\000r\000i\000s\000h\000a\000b\000h\000/\000L\000u\000x\000u\000m\000/\000s\000r\000c\000/\000f\000i\000e\000l\000d\000.\000c\000c\000\040\000F\000i\000l\000e\000\040\000R\000e\000f\000e\000r\000e\000n\000c\000e}{chapter.4}% 211
\BOOKMARK [1][-]{section.4.10}{\376\377\0004\000.\0001\0000\000\040\000/\000h\000o\000m\000e\000/\000r\000i\000s\000h\000a\000b\000h\000/\000L\000u\000x\000u\000m\000/\000s\000r\000c\000/\000f\000i\000l\000e\000i\000o\000.\000c\000c\000\040\000F\000i\000l\000e\000\040\000R\000e\000f\000e\000r\000e\000n\000c\000e}{chapter.4}% 212
\BOOKMARK [1][-]{section.4.11}{\376\377\0004\000.\0001\0001\000\040\000/\000h\000o\000m\000e\000/\000r\000i\000s\000h\000a\000b\000h\000/\000L\000u\000x\000u\000m\000/\000s\000r\000c\000/\000g\000r\000i\000d\000.\000c\000c\000\040\000F\000i\000l\000e\000\040\000R\000e\000f\000e\000r\000e\000n\000c\000e}{chapter.4}% 213
\BOOKMARK [1][-]{section.4.12}{\376\377\0004\000.\0001\0002\000\040\000/\000h\000o\000m\000e\000/\000r\000i\000s\000h\000a\000b\000h\000/\000L\000u\000x\000u\000m\000/\000s\000r\000c\000/\000m\000a\000i\000n\000.\000c\000c\000\040\000F\000i\000l\000e\000\040\000R\000e\000f\000e\000r\000e\000n\000c\000e}{chapter.4}% 214
\BOOKMARK [2][-]{subsection.4.12.1}{\376\377\0004\000.\0001\0002\000.\0001\000\040\000F\000u\000n\000c\000t\000i\000o\000n\000\040\000D\000o\000c\000u\000m\000e\000n\000t\000a\000t\000i\000o\000n}{section.4.12}% 215
\BOOKMARK [3][-]{subsubsection.4.12.1.1}{\376\377\0004\000.\0001\0002\000.\0001\000.\0001\000\040\000m\000a\000i\000n\000\050\000\051}{subsection.4.12.1}% 216
\BOOKMARK [1][-]{section.4.13}{\376\377\0004\000.\0001\0003\000\040\000/\000h\000o\000m\000e\000/\000r\000i\000s\000h\000a\000b\000h\000/\000L\000u\000x\000u\000m\000/\000s\000r\000c\000/\000m\000a\000x\000w\000e\000l\000l\000.\000c\000c\000\040\000F\000i\000l\000e\000\040\000R\000e\000f\000e\000r\000e\000n\000c\000e}{chapter.4}% 217
\BOOKMARK [1][-]{section.4.14}{\376\377\0004\000.\0001\0004\000\040\000/\000h\000o\000m\000e\000/\000r\000i\000s\000h\000a\000b\000h\000/\000L\000u\000x\000u\000m\000/\000s\000r\000c\000/\000m\000p\000i\000d\000a\000t\000a\000.\000c\000c\000\040\000F\000i\000l\000e\000\040\000R\000e\000f\000e\000r\000e\000n\000c\000e}{chapter.4}% 218
\BOOKMARK [1][-]{section.4.15}{\376\377\0004\000.\0001\0005\000\040\000/\000h\000o\000m\000e\000/\000r\000i\000s\000h\000a\000b\000h\000/\000L\000u\000x\000u\000m\000/\000s\000r\000c\000/\000p\000a\000r\000a\000l\000l\000e\000l\000.\000c\000c\000\040\000F\000i\000l\000e\000\040\000R\000e\000f\000e\000r\000e\000n\000c\000e}{chapter.4}% 219
\BOOKMARK [1][-]{section.4.16}{\376\377\0004\000.\0001\0006\000\040\000/\000h\000o\000m\000e\000/\000r\000i\000s\000h\000a\000b\000h\000/\000L\000u\000x\000u\000m\000/\000s\000r\000c\000/\000r\000e\000a\000d\000e\000r\000.\000c\000c\000\040\000F\000i\000l\000e\000\040\000R\000e\000f\000e\000r\000e\000n\000c\000e}{chapter.4}% 220
\BOOKMARK [1][-]{section.4.17}{\376\377\0004\000.\0001\0007\000\040\000/\000h\000o\000m\000e\000/\000r\000i\000s\000h\000a\000b\000h\000/\000L\000u\000x\000u\000m\000/\000s\000r\000c\000/\000v\000f\000i\000e\000l\000d\000.\000c\000c\000\040\000F\000i\000l\000e\000\040\000R\000e\000f\000e\000r\000e\000n\000c\000e}{chapter.4}% 221
